生成启动时间为 2013/8/4 15:43:21。
     1>项目“D:\VS工程\Keyword_Extraction\Keyword_Extraction\Keyword_Extraction.vcxproj”在节点 2 上(build 个目标)。
     1>InitializeBuildStatus:
         正在创建“Debug\Keyword_Extraction.unsuccessfulbuild”，因为已指定“AlwaysCreate”。
       ClCompile:
         所有输出均为最新。
         所有输出均为最新。
         d:\Program Files (x86)\Microsoft Visual Studio 10.0\VC\bin\CL.exe /c /ZI /nologo /W3 /WX- /Od /Oy- /D WIN32 /D _DEBUG /D _WINDOWS /D _USRDLL /D KEYWORD_EXTRACTION_EXPORTS /D _WINDLL /D _UNICODE /D UNICODE /Gm /EHsc /RTC1 /MDd /GS /fp:precise /Zc:wchar_t /Zc:forScope /Yu"StdAfx.h" /Fp"Debug\Keyword_Extraction.pch" /Fo"Debug\\" /Fd"Debug\vc100.pdb" /Gd /TP /analyze- /errorReport:prompt Keyword_Extraction.cpp
         Keyword_Extraction.cpp
     1>d:\vs工程\keyword_extraction\keyword_extraction\term.h(42): warning C4018: “<”: 有符号/无符号不匹配
     1>d:\vs工程\keyword_extraction\keyword_extraction\term.h(71): warning C4018: “<”: 有符号/无符号不匹配
     1>d:\vs工程\keyword_extraction\keyword_extraction\term.h(77): warning C4018: “<”: 有符号/无符号不匹配
     1>d:\vs工程\keyword_extraction\keyword_extraction\term.h(96): warning C4018: “<”: 有符号/无符号不匹配
     1>d:\vs工程\keyword_extraction\keyword_extraction\term.h(111): warning C4018: “<”: 有符号/无符号不匹配
     1>d:\vs工程\keyword_extraction\keyword_extraction\term.h(135): warning C4244: “初始化”: 从“double”转换到“int”，可能丢失数据
     1>d:\vs工程\keyword_extraction\keyword_extraction\keyword_extraction.cpp(95): warning C4018: “<”: 有符号/无符号不匹配
     1>d:\vs工程\keyword_extraction\keyword_extraction\keyword_extraction.cpp(116): warning C4018: “<”: 有符号/无符号不匹配
     1>d:\vs工程\keyword_extraction\keyword_extraction\keyword_extraction.cpp(177): warning C4018: “<”: 有符号/无符号不匹配
     1>d:\vs工程\keyword_extraction\keyword_extraction\keyword_extraction.cpp(198): warning C4018: “<”: 有符号/无符号不匹配
       ManifestResourceCompile:
         所有输出均为最新。
       Link:
         d:\Program Files (x86)\Microsoft Visual Studio 10.0\VC\bin\link.exe /ERRORREPORT:PROMPT /OUT:"D:\VS工程\Keyword_Extraction\Debug\Keyword_Extraction.dll" /INCREMENTAL /NOLOGO kernel32.lib user32.lib gdi32.lib winspool.lib comdlg32.lib advapi32.lib shell32.lib ole32.lib oleaut32.lib uuid.lib odbc32.lib odbccp32.lib /MANIFEST /ManifestFile:"Debug\Keyword_Extraction.dll.intermediate.manifest" /MANIFESTUAC:"level='asInvoker' uiAccess='false'" /DEBUG /PDB:"D:\VS工程\Keyword_Extraction\Debug\Keyword_Extraction.pdb" /SUBSYSTEM:WINDOWS /TLBID:1 /DYNAMICBASE /NXCOMPAT /IMPLIB:"D:\VS工程\Keyword_Extraction\Debug\Keyword_Extraction.lib" /MACHINE:X86 /DLL Debug\Keyword_Extraction.dll.embed.manifest.res
         Debug\dllmain.obj
         Debug\Keyword_Extraction.obj
         Debug\stdafx.obj
       Manifest:
         C:\Program Files (x86)\Microsoft SDKs\Windows\v7.0A\bin\mt.exe /nologo /verbose /out:"Debug\Keyword_Extraction.dll.embed.manifest" /manifest Debug\Keyword_Extraction.dll.intermediate.manifest
         所有输出均为最新。
       LinkEmbedManifest:
         所有输出均为最新。
         Keyword_Extraction.vcxproj -> D:\VS工程\Keyword_Extraction\Debug\Keyword_Extraction.dll
       FinalizeBuildStatus:
         正在删除文件“Debug\Keyword_Extraction.unsuccessfulbuild”。
         正在对“Debug\Keyword_Extraction.lastbuildstate”执行 Touch 任务。
     1>已完成生成项目“D:\VS工程\Keyword_Extraction\Keyword_Extraction\Keyword_Extraction.vcxproj”(build 个目标)的操作。

生成成功。

已用时间 00:00:02.41
