D:\VS工程\KEYWORD_EXTRACTION\DEBUG\KEYWORD_EXTRACTION.DLL
D:\VS工程\Keyword_Extraction\Debug\Keyword_Extraction.exp
D:\VS工程\KEYWORD_EXTRACTION\DEBUG\KEYWORD_EXTRACTION.ILK
D:\VS工程\Keyword_Extraction\Debug\Keyword_Extraction.lib
D:\VS工程\KEYWORD_EXTRACTION\DEBUG\KEYWORD_EXTRACTION.PDB
D:\VS工程\Keyword_Extraction\Keyword_Extraction\Debug\cl.command.1.tlog
D:\VS工程\Keyword_Extraction\Keyword_Extraction\Debug\CL.read.1.tlog
D:\VS工程\Keyword_Extraction\Keyword_Extraction\Debug\CL.write.1.tlog
D:\VS工程\KEYWORD_EXTRACTION\KEYWORD_EXTRACTION\DEBUG\DLLMAIN.OBJ
D:\VS工程\KEYWORD_EXTRACTION\KEYWORD_EXTRACTION\DEBUG\KEYWORD_EXTRACTION.DLL.EMBED.MANIFEST
D:\VS工程\KEYWORD_EXTRACTION\KEYWORD_EXTRACTION\DEBUG\KEYWORD_EXTRACTION.DLL.EMBED.MANIFEST.RES
D:\VS工程\KEYWORD_EXTRACTION\KEYWORD_EXTRACTION\DEBUG\KEYWORD_EXTRACTION.DLL.INTERMEDIATE.MANIFEST
D:\VS工程\KEYWORD_EXTRACTION\KEYWORD_EXTRACTION\DEBUG\KEYWORD_EXTRACTION.OBJ
D:\VS工程\KEYWORD_EXTRACTION\KEYWORD_EXTRACTION\DEBUG\KEYWORD_EXTRACTION.PCH
D:\VS工程\Keyword_Extraction\Keyword_Extraction\Debug\Keyword_Extraction.write.1.tlog
D:\VS工程\Keyword_Extraction\Keyword_Extraction\Debug\Keyword_Extraction_manifest.rc
D:\VS工程\Keyword_Extraction\Keyword_Extraction\Debug\link.5208.read.1.tlog
D:\VS工程\Keyword_Extraction\Keyword_Extraction\Debug\link.5208.write.1.tlog
D:\VS工程\Keyword_Extraction\Keyword_Extraction\Debug\link.5208-cvtres.read.1.tlog
D:\VS工程\Keyword_Extraction\Keyword_Extraction\Debug\link.5208-cvtres.write.1.tlog
D:\VS工程\Keyword_Extraction\Keyword_Extraction\Debug\link.command.1.tlog
D:\VS工程\Keyword_Extraction\Keyword_Extraction\Debug\link.read.1.tlog
D:\VS工程\Keyword_Extraction\Keyword_Extraction\Debug\link.write.1.tlog
D:\VS工程\Keyword_Extraction\Keyword_Extraction\Debug\link-cvtres.read.1.tlog
D:\VS工程\Keyword_Extraction\Keyword_Extraction\Debug\link-cvtres.write.1.tlog
D:\VS工程\Keyword_Extraction\Keyword_Extraction\Debug\mt.command.1.tlog
D:\VS工程\Keyword_Extraction\Keyword_Extraction\Debug\mt.read.1.tlog
D:\VS工程\Keyword_Extraction\Keyword_Extraction\Debug\mt.write.1.tlog
D:\VS工程\Keyword_Extraction\Keyword_Extraction\Debug\rc.command.1.tlog
D:\VS工程\Keyword_Extraction\Keyword_Extraction\Debug\rc.read.1.tlog
D:\VS工程\Keyword_Extraction\Keyword_Extraction\Debug\rc.write.1.tlog
D:\VS工程\KEYWORD_EXTRACTION\KEYWORD_EXTRACTION\DEBUG\STDAFX.OBJ
D:\VS工程\Keyword_Extraction\Keyword_Extraction\Debug\vc100.idb
D:\VS工程\KEYWORD_EXTRACTION\KEYWORD_EXTRACTION\DEBUG\VC100.PDB
