E:\云盘\程序\基于熵差的关键词提取_杨老师论文\C#版\测试\分词DLL\ICTCLASDLL\DEBUG\ICTCLASDLL.DLL
E:\云盘\程序\基于熵差的关键词提取_杨老师论文\C#版\测试\分词DLL\IctclasDll\Debug\IctclasDll.exp
E:\云盘\程序\基于熵差的关键词提取_杨老师论文\C#版\测试\分词DLL\ICTCLASDLL\DEBUG\ICTCLASDLL.ILK
E:\云盘\程序\基于熵差的关键词提取_杨老师论文\C#版\测试\分词DLL\IctclasDll\Debug\IctclasDll.lib
E:\云盘\程序\基于熵差的关键词提取_杨老师论文\C#版\测试\分词DLL\ICTCLASDLL\DEBUG\ICTCLASDLL.PDB
E:\云盘\程序\基于熵差的关键词提取_杨老师论文\C#版\测试\分词DLL\IctclasDll\IctclasDll\Debug\cl.command.1.tlog
E:\云盘\程序\基于熵差的关键词提取_杨老师论文\C#版\测试\分词DLL\IctclasDll\IctclasDll\Debug\CL.read.1.tlog
E:\云盘\程序\基于熵差的关键词提取_杨老师论文\C#版\测试\分词DLL\IctclasDll\IctclasDll\Debug\CL.write.1.tlog
E:\云盘\程序\基于熵差的关键词提取_杨老师论文\C#版\测试\分词DLL\ICTCLASDLL\ICTCLASDLL\DEBUG\DLLMAIN.OBJ
E:\云盘\程序\基于熵差的关键词提取_杨老师论文\C#版\测试\分词DLL\ICTCLASDLL\ICTCLASDLL\DEBUG\HMM.OBJ
E:\云盘\程序\基于熵差的关键词提取_杨老师论文\C#版\测试\分词DLL\ICTCLASDLL\ICTCLASDLL\DEBUG\ICTCLASDLL.DLL.EMBED.MANIFEST
E:\云盘\程序\基于熵差的关键词提取_杨老师论文\C#版\测试\分词DLL\ICTCLASDLL\ICTCLASDLL\DEBUG\ICTCLASDLL.DLL.EMBED.MANIFEST.RES
E:\云盘\程序\基于熵差的关键词提取_杨老师论文\C#版\测试\分词DLL\ICTCLASDLL\ICTCLASDLL\DEBUG\ICTCLASDLL.DLL.INTERMEDIATE.MANIFEST
E:\云盘\程序\基于熵差的关键词提取_杨老师论文\C#版\测试\分词DLL\ICTCLASDLL\ICTCLASDLL\DEBUG\ICTCLASDLL.OBJ
E:\云盘\程序\基于熵差的关键词提取_杨老师论文\C#版\测试\分词DLL\ICTCLASDLL\ICTCLASDLL\DEBUG\ICTCLASDLL.PCH
E:\云盘\程序\基于熵差的关键词提取_杨老师论文\C#版\测试\分词DLL\IctclasDll\IctclasDll\Debug\IctclasDll.write.1.tlog
E:\云盘\程序\基于熵差的关键词提取_杨老师论文\C#版\测试\分词DLL\IctclasDll\IctclasDll\Debug\IctclasDll_manifest.rc
E:\云盘\程序\基于熵差的关键词提取_杨老师论文\C#版\测试\分词DLL\IctclasDll\IctclasDll\Debug\link.6844.read.1.tlog
E:\云盘\程序\基于熵差的关键词提取_杨老师论文\C#版\测试\分词DLL\IctclasDll\IctclasDll\Debug\link.6844.write.1.tlog
E:\云盘\程序\基于熵差的关键词提取_杨老师论文\C#版\测试\分词DLL\IctclasDll\IctclasDll\Debug\link.6844-cvtres.read.1.tlog
E:\云盘\程序\基于熵差的关键词提取_杨老师论文\C#版\测试\分词DLL\IctclasDll\IctclasDll\Debug\link.6844-cvtres.write.1.tlog
E:\云盘\程序\基于熵差的关键词提取_杨老师论文\C#版\测试\分词DLL\IctclasDll\IctclasDll\Debug\link.command.1.tlog
E:\云盘\程序\基于熵差的关键词提取_杨老师论文\C#版\测试\分词DLL\IctclasDll\IctclasDll\Debug\link.read.1.tlog
E:\云盘\程序\基于熵差的关键词提取_杨老师论文\C#版\测试\分词DLL\IctclasDll\IctclasDll\Debug\link.write.1.tlog
E:\云盘\程序\基于熵差的关键词提取_杨老师论文\C#版\测试\分词DLL\IctclasDll\IctclasDll\Debug\link-cvtres.read.1.tlog
E:\云盘\程序\基于熵差的关键词提取_杨老师论文\C#版\测试\分词DLL\IctclasDll\IctclasDll\Debug\link-cvtres.write.1.tlog
E:\云盘\程序\基于熵差的关键词提取_杨老师论文\C#版\测试\分词DLL\IctclasDll\IctclasDll\Debug\mt.command.1.tlog
E:\云盘\程序\基于熵差的关键词提取_杨老师论文\C#版\测试\分词DLL\IctclasDll\IctclasDll\Debug\mt.read.1.tlog
E:\云盘\程序\基于熵差的关键词提取_杨老师论文\C#版\测试\分词DLL\IctclasDll\IctclasDll\Debug\mt.write.1.tlog
E:\云盘\程序\基于熵差的关键词提取_杨老师论文\C#版\测试\分词DLL\ICTCLASDLL\ICTCLASDLL\DEBUG\NGRAM.OBJ
E:\云盘\程序\基于熵差的关键词提取_杨老师论文\C#版\测试\分词DLL\ICTCLASDLL\ICTCLASDLL\DEBUG\PLIB.OBJ
E:\云盘\程序\基于熵差的关键词提取_杨老师论文\C#版\测试\分词DLL\ICTCLASDLL\ICTCLASDLL\DEBUG\PRISCLAS.OBJ
E:\云盘\程序\基于熵差的关键词提取_杨老师论文\C#版\测试\分词DLL\IctclasDll\IctclasDll\Debug\rc.command.1.tlog
E:\云盘\程序\基于熵差的关键词提取_杨老师论文\C#版\测试\分词DLL\IctclasDll\IctclasDll\Debug\rc.read.1.tlog
E:\云盘\程序\基于熵差的关键词提取_杨老师论文\C#版\测试\分词DLL\IctclasDll\IctclasDll\Debug\rc.write.1.tlog
E:\云盘\程序\基于熵差的关键词提取_杨老师论文\C#版\测试\分词DLL\ICTCLASDLL\ICTCLASDLL\DEBUG\SEGMENT.OBJ
E:\云盘\程序\基于熵差的关键词提取_杨老师论文\C#版\测试\分词DLL\ICTCLASDLL\ICTCLASDLL\DEBUG\STDAFX.OBJ
E:\云盘\程序\基于熵差的关键词提取_杨老师论文\C#版\测试\分词DLL\IctclasDll\IctclasDll\Debug\vc100.idb
E:\云盘\程序\基于熵差的关键词提取_杨老师论文\C#版\测试\分词DLL\ICTCLASDLL\ICTCLASDLL\DEBUG\VC100.PDB
