生成启动时间为 2013/8/13 23:49:11。
     1>项目“E:\云盘\程序\基于熵差的关键词提取_杨老师论文\C#版\测试\中文分词\中文分词\中文分词.vcxproj”在节点 2 上(build 个目标)。
     1>InitializeBuildStatus:
         正在创建“Debug\中文分词.unsuccessfulbuild”，因为已指定“AlwaysCreate”。
       ClCompile:
         d:\Program Files\Microsoft Visual Studio 10.0\VC\bin\CL.exe /c /ZI /nologo /W3 /WX- /Od /Oy- /D WIN32 /D _DEBUG /D _CONSOLE /D _UNICODE /D UNICODE /Gm /EHsc /RTC1 /MDd /GS /fp:precise /Zc:wchar_t /Zc:forScope /Fo"Debug\\" /Fd"Debug\vc100.pdb" /Gd /TP /analyze- /errorReport:prompt test.cpp
         test.cpp
     1>e:\云盘\程序\基于熵差的关键词提取_杨老师论文\c#版\测试\中文分词\中文分词\test.cpp(23): warning C4018: “<”: 有符号/无符号不匹配
     1>e:\云盘\程序\基于熵差的关键词提取_杨老师论文\c#版\测试\中文分词\中文分词\test.cpp(28): warning C4018: “<”: 有符号/无符号不匹配
     1>e:\云盘\程序\基于熵差的关键词提取_杨老师论文\c#版\测试\中文分词\中文分词\test.cpp(55): warning C4244: “=”: 从“std::streamoff”转换到“long”，可能丢失数据
       ManifestResourceCompile:
         所有输出均为最新。
       Link:
         d:\Program Files\Microsoft Visual Studio 10.0\VC\bin\link.exe /ERRORREPORT:PROMPT /OUT:"E:\云盘\程序\基于熵差的关键词提取_杨老师论文\C#版\测试\中文分词\Debug\中文分词.exe" /INCREMENTAL /NOLOGO kernel32.lib user32.lib gdi32.lib winspool.lib comdlg32.lib advapi32.lib shell32.lib ole32.lib oleaut32.lib uuid.lib odbc32.lib odbccp32.lib /MANIFEST /ManifestFile:"Debug\中文分词.exe.intermediate.manifest" /MANIFESTUAC:"level='asInvoker' uiAccess='false'" /DEBUG /PDB:"E:\云盘\程序\基于熵差的关键词提取_杨老师论文\C#版\测试\中文分词\Debug\中文分词.pdb" /SUBSYSTEM:CONSOLE /TLBID:1 /DYNAMICBASE /NXCOMPAT /IMPLIB:"E:\云盘\程序\基于熵差的关键词提取_杨老师论文\C#版\测试\中文分词\Debug\中文分词.lib" /MACHINE:X86 "Debug\中文分词.exe.embed.manifest.res"
         Debug\HMM.obj
         Debug\NGRAM.obj
         Debug\PLib.obj
         Debug\PRISCLAS.obj
         Debug\Segment.obj
         Debug\test.obj
       Manifest:
         C:\Program Files\Microsoft SDKs\Windows\v7.0A\bin\mt.exe /nologo /verbose /out:"Debug\中文分词.exe.embed.manifest" /manifest "Debug\中文分词.exe.intermediate.manifest"
         所有输出均为最新。
       LinkEmbedManifest:
         所有输出均为最新。
         中文分词.vcxproj -> E:\云盘\程序\基于熵差的关键词提取_杨老师论文\C#版\测试\中文分词\Debug\中文分词.exe
       FinalizeBuildStatus:
         正在删除文件“Debug\中文分词.unsuccessfulbuild”。
         正在对“Debug\中文分词.lastbuildstate”执行 Touch 任务。
     1>已完成生成项目“E:\云盘\程序\基于熵差的关键词提取_杨老师论文\C#版\测试\中文分词\中文分词\中文分词.vcxproj”(build 个目标)的操作。

生成成功。

已用时间 00:00:02.22
