生成启动时间为 2013/7/29 1:06:44。
     1>项目“D:\VS工程\Keyword_Extraction_Entropy\Keyword_Extraction_Entropy\Keyword_Extraction_Entropy.vcxproj”在节点 2 上(build 个目标)。
     1>InitializeBuildStatus:
         正在对“Debug\Keyword_Extraction_Entropy.unsuccessfulbuild”执行 Touch 任务。
       ClCompile:
         d:\Program Files (x86)\Microsoft Visual Studio 10.0\VC\bin\CL.exe /c /ZI /nologo /W3 /WX- /Od /Oy- /D WIN32 /D _WINDOWS /D _DEBUG /D _UNICODE /D UNICODE /D _AFXDLL /Gm /EHsc /RTC1 /MDd /GS /fp:precise /Zc:wchar_t /Zc:forScope /Yc"StdAfx.h" /Fp"Debug\Keyword_Extraction_Entropy.pch" /Fo"Debug\\" /Fd"Debug\vc100.pdb" /Gd /TP /analyze- /errorReport:prompt stdafx.cpp
         stdafx.cpp
     1>d:\vs工程\keyword_extraction_entropy\keyword_extraction_entropy\stdafx.cpp(22): warning C4244: “=”: 从“std::streamoff”转换到“long”，可能丢失数据
         d:\Program Files (x86)\Microsoft Visual Studio 10.0\VC\bin\CL.exe /c /ZI /nologo /W3 /WX- /Od /Oy- /D WIN32 /D _WINDOWS /D _DEBUG /D _UNICODE /D UNICODE /D _AFXDLL /Gm /EHsc /RTC1 /MDd /GS /fp:precise /Zc:wchar_t /Zc:forScope /Yu"StdAfx.h" /Fp"Debug\Keyword_Extraction_Entropy.pch" /Fo"Debug\\" /Fd"Debug\vc100.pdb" /Gd /TP /analyze- /errorReport:prompt Keyword_Extraction_Entropy.cpp Keyword_Extraction_EntropyDlg.cpp
         Keyword_Extraction_EntropyDlg.cpp
     1>d:\vs工程\keyword_extraction_entropy\keyword_extraction_entropy\keyword_extraction_entropydlg.cpp(137): warning C4390: “;”: 找到空的受控语句；这是否是有意的?
         正在生成代码...
         正在编译...
         Keyword_Extraction_Entropy.cpp
         正在生成代码...
       ResourceCompile:
         所有输出均为最新。
       ManifestResourceCompile:
         所有输出均为最新。
       Link:
         d:\Program Files (x86)\Microsoft Visual Studio 10.0\VC\bin\link.exe /ERRORREPORT:PROMPT /OUT:"D:\VS工程\Keyword_Extraction_Entropy\Debug\Keyword_Extraction_Entropy.exe" /INCREMENTAL /NOLOGO /MANIFEST /ManifestFile:"Debug\Keyword_Extraction_Entropy.exe.intermediate.manifest" /MANIFESTUAC:"level='asInvoker' uiAccess='false'" /DEBUG /PDB:"D:\VS工程\Keyword_Extraction_Entropy\Debug\Keyword_Extraction_Entropy.pdb" /SUBSYSTEM:WINDOWS /TLBID:1 /ENTRY:"wWinMainCRTStartup" /DYNAMICBASE /NXCOMPAT /IMPLIB:"D:\VS工程\Keyword_Extraction_Entropy\Debug\Keyword_Extraction_Entropy.lib" /MACHINE:X86 Debug\Keyword_Extraction_Entropy.res
         Debug\Keyword_Extraction_Entropy.exe.embed.manifest.res
         Debug\Keyword_Extraction_Entropy.obj
         Debug\Keyword_Extraction_EntropyDlg.obj
         Debug\stdafx.obj
       Manifest:
         C:\Program Files (x86)\Microsoft SDKs\Windows\v7.0A\bin\mt.exe /nologo /verbose /out:"Debug\Keyword_Extraction_Entropy.exe.embed.manifest" /manifest Debug\Keyword_Extraction_Entropy.exe.intermediate.manifest "d:\Program Files (x86)\Microsoft Visual Studio 10.0\VC\Include\Manifest\dpiaware.manifest"
         所有输出均为最新。
       LinkEmbedManifest:
         所有输出均为最新。
         Keyword_Extraction_Entropy.vcxproj -> D:\VS工程\Keyword_Extraction_Entropy\Debug\Keyword_Extraction_Entropy.exe
       FinalizeBuildStatus:
         正在删除文件“Debug\Keyword_Extraction_Entropy.unsuccessfulbuild”。
         正在对“Debug\Keyword_Extraction_Entropy.lastbuildstate”执行 Touch 任务。
     1>已完成生成项目“D:\VS工程\Keyword_Extraction_Entropy\Keyword_Extraction_Entropy\Keyword_Extraction_Entropy.vcxproj”(build 个目标)的操作。

生成成功。

已用时间 00:00:04.56
