D:\VS工程\Keyword_Extraction\Keyword_Extraction\Release\cl.command.1.tlog
D:\VS工程\Keyword_Extraction\Keyword_Extraction\Release\CL.read.1.tlog
D:\VS工程\Keyword_Extraction\Keyword_Extraction\Release\CL.write.1.tlog
D:\VS工程\KEYWORD_EXTRACTION\KEYWORD_EXTRACTION\RELEASE\DLLMAIN.OBJ
D:\VS工程\KEYWORD_EXTRACTION\KEYWORD_EXTRACTION\RELEASE\KEYWORD_EXTRACTION.DLL.INTERMEDIATE.MANIFEST
D:\VS工程\KEYWORD_EXTRACTION\KEYWORD_EXTRACTION\RELEASE\KEYWORD_EXTRACTION.OBJ
D:\VS工程\KEYWORD_EXTRACTION\KEYWORD_EXTRACTION\RELEASE\KEYWORD_EXTRACTION.PCH
D:\VS工程\Keyword_Extraction\Keyword_Extraction\Release\Keyword_Extraction.write.1.tlog
D:\VS工程\Keyword_Extraction\Keyword_Extraction\Release\link.command.1.tlog
D:\VS工程\Keyword_Extraction\Keyword_Extraction\Release\link.read.1.tlog
D:\VS工程\Keyword_Extraction\Keyword_Extraction\Release\link.write.1.tlog
D:\VS工程\Keyword_Extraction\Keyword_Extraction\Release\mt.command.1.tlog
D:\VS工程\Keyword_Extraction\Keyword_Extraction\Release\mt.read.1.tlog
D:\VS工程\Keyword_Extraction\Keyword_Extraction\Release\mt.write.1.tlog
D:\VS工程\KEYWORD_EXTRACTION\KEYWORD_EXTRACTION\RELEASE\STDAFX.OBJ
D:\VS工程\KEYWORD_EXTRACTION\KEYWORD_EXTRACTION\RELEASE\VC100.PDB
D:\VS工程\KEYWORD_EXTRACTION\RELEASE\KEYWORD_EXTRACTION.DLL
D:\VS工程\Keyword_Extraction\Release\Keyword_Extraction.exp
D:\VS工程\Keyword_Extraction\Release\Keyword_Extraction.lib
D:\VS工程\KEYWORD_EXTRACTION\RELEASE\KEYWORD_EXTRACTION.PDB
