生成启动时间为 2013/8/4 16:35:43。
     1>项目“C:\Users\edward\Desktop\新建文件夹\Keyword_Extraction_Entropy(MFC)\Keyword_Extraction_Entropy\Keyword_Extraction_Entropy.vcxproj”在节点 2 上(build 个目标)。
     1>PrepareForBuild:
         正在创建目录“C:\Users\edward\Desktop\新建文件夹\Keyword_Extraction_Entropy(MFC)\Release\”。
       InitializeBuildStatus:
         正在创建“Release\Keyword_Extraction_Entropy.unsuccessfulbuild”，因为已指定“AlwaysCreate”。
       ClCompile:
         d:\Program Files (x86)\Microsoft Visual Studio 10.0\VC\bin\CL.exe /c /Zi /nologo /W3 /WX- /O2 /Oi /Oy- /GL /D WIN32 /D _WINDOWS /D NDEBUG /D _UNICODE /D UNICODE /D _AFXDLL /Gm- /EHsc /MD /GS /Gy /fp:precise /Zc:wchar_t /Zc:forScope /Yc"StdAfx.h" /Fp"Release\Keyword_Extraction_Entropy.pch" /Fo"Release\\" /Fd"Release\vc100.pdb" /Gd /TP /analyze- /errorReport:prompt stdafx.cpp
         stdafx.cpp
     1>stdafx.cpp(30): warning C4244: “=”: 从“std::streamoff”转换到“long”，可能丢失数据
     1>stdafx.cpp(129): warning C4018: “<”: 有符号/无符号不匹配
         d:\Program Files (x86)\Microsoft Visual Studio 10.0\VC\bin\CL.exe /c /Zi /nologo /W3 /WX- /O2 /Oi /Oy- /GL /D WIN32 /D _WINDOWS /D NDEBUG /D _UNICODE /D UNICODE /D _AFXDLL /Gm- /EHsc /MD /GS /Gy /fp:precise /Zc:wchar_t /Zc:forScope /Yu"StdAfx.h" /Fp"Release\Keyword_Extraction_Entropy.pch" /Fo"Release\\" /Fd"Release\vc100.pdb" /Gd /TP /analyze- /errorReport:prompt Keyword_Extraction_Entropy.cpp Keyword_Extraction_EntropyDlg.cpp
         Keyword_Extraction_Entropy.cpp
         Keyword_Extraction_EntropyDlg.cpp
     1>Keyword_Extraction_EntropyDlg.cpp(90): warning C4244: “初始化”: 从“DWORD”转换到“WORD”，可能丢失数据
     1>Keyword_Extraction_EntropyDlg.cpp(338): warning C4018: “<”: 有符号/无符号不匹配
     1>Keyword_Extraction_EntropyDlg.cpp(391): warning C4018: “<”: 有符号/无符号不匹配
       ResourceCompile:
         C:\Program Files (x86)\Microsoft SDKs\Windows\v7.0A\bin\rc.exe /D NDEBUG /D _UNICODE /D UNICODE /D _AFXDLL /l"0x0804" /IRelease\ /nologo /fo"Release\Keyword_Extraction_Entropy.res" Keyword_Extraction_Entropy.rc 
       Link:
         d:\Program Files (x86)\Microsoft Visual Studio 10.0\VC\bin\link.exe /ERRORREPORT:PROMPT /OUT:"C:\Users\edward\Desktop\新建文件夹\Keyword_Extraction_Entropy(MFC)\Release\Keyword_Extraction_Entropy.exe" /INCREMENTAL:NO /NOLOGO /MANIFEST /ManifestFile:"Release\Keyword_Extraction_Entropy.exe.intermediate.manifest" /MANIFESTUAC:"level='asInvoker' uiAccess='false'" /DEBUG /PDB:"C:\Users\edward\Desktop\新建文件夹\Keyword_Extraction_Entropy(MFC)\Release\Keyword_Extraction_Entropy.pdb" /SUBSYSTEM:WINDOWS /OPT:REF /OPT:ICF /LTCG /TLBID:1 /ENTRY:"wWinMainCRTStartup" /DYNAMICBASE /NXCOMPAT /IMPLIB:"C:\Users\edward\Desktop\新建文件夹\Keyword_Extraction_Entropy(MFC)\Release\Keyword_Extraction_Entropy.lib" /MACHINE:X86 Release\Keyword_Extraction_Entropy.res
         Release\Keyword_Extraction_Entropy.obj
         Release\Keyword_Extraction_EntropyDlg.obj
         Release\stdafx.obj
         正在生成代码
         已完成代码的生成
         Keyword_Extraction_Entropy.vcxproj -> C:\Users\edward\Desktop\新建文件夹\Keyword_Extraction_Entropy(MFC)\Release\Keyword_Extraction_Entropy.exe
       Manifest:
         C:\Program Files (x86)\Microsoft SDKs\Windows\v7.0A\bin\mt.exe /nologo /verbose /outputresource:"C:\Users\edward\Desktop\新建文件夹\Keyword_Extraction_Entropy(MFC)\Release\Keyword_Extraction_Entropy.exe;#1" /manifest Release\Keyword_Extraction_Entropy.exe.intermediate.manifest "d:\Program Files (x86)\Microsoft Visual Studio 10.0\VC\Include\Manifest\dpiaware.manifest"
       FinalizeBuildStatus:
         正在删除文件“Release\Keyword_Extraction_Entropy.unsuccessfulbuild”。
         正在对“Release\Keyword_Extraction_Entropy.lastbuildstate”执行 Touch 任务。
     1>已完成生成项目“C:\Users\edward\Desktop\新建文件夹\Keyword_Extraction_Entropy(MFC)\Keyword_Extraction_Entropy\Keyword_Extraction_Entropy.vcxproj”(build 个目标)的操作。

生成成功。

已用时间 00:00:07.02
