D:\VS工程\Keyword_Extraction_Entropy\Keyword_Extraction_Entropy\Release\cl.command.1.tlog
D:\VS工程\Keyword_Extraction_Entropy\Keyword_Extraction_Entropy\Release\CL.read.1.tlog
D:\VS工程\Keyword_Extraction_Entropy\Keyword_Extraction_Entropy\Release\CL.write.1.tlog
D:\VS工程\KEYWORD_EXTRACTION_ENTROPY\KEYWORD_EXTRACTION_ENTROPY\RELEASE\KEYWORD_EXTRACTION_ENTROPY.EXE.INTERMEDIATE.MANIFEST
D:\VS工程\KEYWORD_EXTRACTION_ENTROPY\KEYWORD_EXTRACTION_ENTROPY\RELEASE\KEYWORD_EXTRACTION_ENTROPY.OBJ
D:\VS工程\KEYWORD_EXTRACTION_ENTROPY\KEYWORD_EXTRACTION_ENTROPY\RELEASE\KEYWORD_EXTRACTION_ENTROPY.PCH
D:\VS工程\Keyword_Extraction_Entropy\Keyword_Extraction_Entropy\Release\Keyword_Extraction_Entropy.vcxprojResolveAssemblyReference.cache
D:\VS工程\Keyword_Extraction_Entropy\Keyword_Extraction_Entropy\Release\Keyword_Extraction_Entropy.write.1.tlog
D:\VS工程\KEYWORD_EXTRACTION_ENTROPY\KEYWORD_EXTRACTION_ENTROPY\RELEASE\KEYWORD_EXTRACTION_ENTROPYDLG.OBJ
D:\VS工程\Keyword_Extraction_Entropy\Keyword_Extraction_Entropy\Release\link.command.1.tlog
D:\VS工程\Keyword_Extraction_Entropy\Keyword_Extraction_Entropy\Release\link.read.1.tlog
D:\VS工程\Keyword_Extraction_Entropy\Keyword_Extraction_Entropy\Release\link.write.1.tlog
D:\VS工程\Keyword_Extraction_Entropy\Keyword_Extraction_Entropy\Release\link-cvtres.read.1.tlog
D:\VS工程\Keyword_Extraction_Entropy\Keyword_Extraction_Entropy\Release\link-cvtres.write.1.tlog
D:\VS工程\Keyword_Extraction_Entropy\Keyword_Extraction_Entropy\Release\mt.command.1.tlog
D:\VS工程\Keyword_Extraction_Entropy\Keyword_Extraction_Entropy\Release\mt.read.1.tlog
D:\VS工程\Keyword_Extraction_Entropy\Keyword_Extraction_Entropy\Release\mt.write.1.tlog
D:\VS工程\Keyword_Extraction_Entropy\Keyword_Extraction_Entropy\Release\rc.command.1.tlog
D:\VS工程\Keyword_Extraction_Entropy\Keyword_Extraction_Entropy\Release\rc.read.1.tlog
D:\VS工程\Keyword_Extraction_Entropy\Keyword_Extraction_Entropy\Release\rc.write.1.tlog
D:\VS工程\KEYWORD_EXTRACTION_ENTROPY\KEYWORD_EXTRACTION_ENTROPY\RELEASE\STDAFX.OBJ
D:\VS工程\KEYWORD_EXTRACTION_ENTROPY\KEYWORD_EXTRACTION_ENTROPY\RELEASE\VC100.PDB
D:\VS工程\KEYWORD_EXTRACTION_ENTROPY\RELEASE\KEYWORD_EXTRACTION_ENTROPY.EXE
D:\VS工程\KEYWORD_EXTRACTION_ENTROPY\RELEASE\KEYWORD_EXTRACTION_ENTROPY.PDB
